<?xml version="1.0" encoding="UTF-8"?>
<!-- Generated by org.testng.reporters.JUnitXMLReporter -->
<testsuite hostname="dell-PC" ignored="0" name="Test" tests="3" failures="0" timestamp="2021-02-05T16:23:01 IST" time="20.978" errors="0">
  <testcase name="TC1" time="19.378" classname="Demo.testngDemo.qsp.Parallel1"/>
  <testcase name="TC2" time="19.426" classname="Demo.testngDemo.qsp.Parallel2"/>
  <testcase name="TC2" time="20.931" classname="Demo.testngDemo.qsp.Parallel1"/>
</testsuite> <!-- Test -->
