<?xml version="1.0" encoding="UTF-8"?>
<testng-results skipped="0" failed="0" ignored="0" total="2" passed="2">
  <reporter-output>
  </reporter-output>
  <suite name="Suite" duration-ms="46603" started-at="2021-02-05T16:50:27 IST" finished-at="2021-02-05T16:51:14 IST">
    <groups>
    </groups>
    <test name="ChromeTest" duration-ms="10256" started-at="2021-02-05T16:50:27 IST" finished-at="2021-02-05T16:50:37 IST">
      <class name="Demo.testngDemo.qsp.DemoCross">
        <test-method status="PASS" signature="TC_1(java.lang.String)[pri:0, instance:Demo.testngDemo.qsp.DemoCross@6e6c3152]" name="TC_1" duration-ms="10223" started-at="2021-02-05T16:50:27 IST" finished-at="2021-02-05T16:50:37 IST">
          <params>
            <param index="0">
              <value>
                <![CDATA[chrome]]>
              </value>
            </param>
          </params>
          <reporter-output>
          </reporter-output>
        </test-method> <!-- TC_1 -->
      </class> <!-- Demo.testngDemo.qsp.DemoCross -->
    </test> <!-- ChromeTest -->
    <test name="FirefoxTest" duration-ms="46603" started-at="2021-02-05T16:50:27 IST" finished-at="2021-02-05T16:51:14 IST">
      <class name="Demo.testngDemo.qsp.DemoCross">
        <test-method status="PASS" signature="TC_1(java.lang.String)[pri:0, instance:Demo.testngDemo.qsp.DemoCross@51cdd8a]" name="TC_1" duration-ms="46574" started-at="2021-02-05T16:50:27 IST" finished-at="2021-02-05T16:51:14 IST">
          <params>
            <param index="0">
              <value>
                <![CDATA[firefox]]>
              </value>
            </param>
          </params>
          <reporter-output>
          </reporter-output>
        </test-method> <!-- TC_1 -->
      </class> <!-- Demo.testngDemo.qsp.DemoCross -->
    </test> <!-- FirefoxTest -->
  </suite> <!-- Suite -->
</testng-results>
